<?xml version="1.0" encoding="UTF-8"?>
<!-- Generated by org.testng.reporters.JUnitXMLReporter -->
<testsuite hostname="SRADDANK-WS01" name="Test" tests="1" failures="1" timestamp="30 Aug 2015 00:52:13 GMT" time="5.544" errors="0">
  <testcase name="searchandorder" time="0.01" classname="com.testscripts.searchAndOrder">
    <failure type="java.lang.NullPointerException">
      <![CDATA[java.lang.NullPointerException
	at com.utility.WrapperActionTest.click(WrapperActionTest.java:69)
	at com.utility.AppUtility.searchItem(AppUtility.java:14)
	at com.testscripts.searchAndOrder.searchandorder(searchAndOrder.java:37)
... Removed 24 stack frames]]>
    </failure>
  </testcase> <!-- searchandorder -->
</testsuite> <!-- Test -->
