<?xml version="1.0" encoding="UTF-8"?>
<testng-results skipped="0" failed="0" total="1" passed="1">
  <reporter-output>
  </reporter-output>
  <suite name="Default suite" duration-ms="140528" started-at="2015-08-31T17:23:14Z" finished-at="2015-08-31T17:25:35Z">
    <groups>
    </groups>
    <test name="Default test" duration-ms="140528" started-at="2015-08-31T17:23:14Z" finished-at="2015-08-31T17:25:35Z">
      <class name="com.testscripts.searchAndOrder">
        <test-method status="PASS" signature="launch()[pri:0, instance:com.testscripts.searchAndOrder@176ed77]" name="launch" is-config="true" duration-ms="8" started-at="2015-08-31T10:23:14Z" finished-at="2015-08-31T10:23:14Z">
          <reporter-output>
          </reporter-output>
        </test-method> <!-- launch -->
        <test-method status="PASS" signature="openSite()[pri:0, instance:com.testscripts.searchAndOrder@176ed77]" name="openSite" is-config="true" duration-ms="7320" started-at="2015-08-31T10:23:14Z" finished-at="2015-08-31T10:23:22Z">
          <reporter-output>
          </reporter-output>
        </test-method> <!-- openSite -->
        <test-method status="PASS" signature="searchandorder(java.lang.String)[pri:0, instance:com.testscripts.searchAndOrder@176ed77]" name="searchandorder" duration-ms="131171" started-at="2015-08-31T10:23:22Z" data-provider="keywords" finished-at="2015-08-31T10:25:33Z">
          <params>
            <param index="0">
              <value>
                <![CDATA[tv]]>
              </value>
            </param>
          </params>
          <reporter-output>
          </reporter-output>
        </test-method> <!-- searchandorder -->
        <test-method status="PASS" signature="closeBrowser()[pri:0, instance:com.testscripts.searchAndOrder@176ed77]" name="closeBrowser" is-config="true" duration-ms="2018" started-at="2015-08-31T10:25:33Z" finished-at="2015-08-31T10:25:35Z">
          <reporter-output>
          </reporter-output>
        </test-method> <!-- closeBrowser -->
      </class> <!-- com.testscripts.searchAndOrder -->
    </test> <!-- Default test -->
  </suite> <!-- Default suite -->
</testng-results>
